{"D:\\projects\\2dv610\\multiyoutube\\src\\server\\app.js":{"path":"D:\\projects\\2dv610\\multiyoutube\\src\\server\\app.js","s":{"1":1,"2":1,"3":1,"4":1,"5":1,"6":0,"7":1},"b":{},"f":{},"fnMap":{},"statementMap":{"1":{"start":{"line":1,"column":0},"end":{"line":1,"column":33}},"2":{"start":{"line":2,"column":0},"end":{"line":2,"column":27}},"3":{"start":{"line":4,"column":0},"end":{"line":4,"column":20}},"4":{"start":{"line":8,"column":0},"end":{"line":8,"column":62}},"5":{"start":{"line":10,"column":0},"end":{"line":12,"column":3}},"6":{"start":{"line":11,"column":4},"end":{"line":11,"column":68}},"7":{"start":{"line":14,"column":0},"end":{"line":14,"column":21}}},"branchMap":{}},"D:\\projects\\2dv610\\multiyoutube\\src\\client\\js\\Youtube.js":{"path":"D:\\projects\\2dv610\\multiyoutube\\src\\client\\js\\Youtube.js","s":{"1":1},"b":{},"f":{},"fnMap":{},"statementMap":{"1":{"start":{"line":5,"column":0},"end":{"line":5,"column":25}}},"branchMap":{}},"D:\\projects\\2dv610\\multiyoutube\\src\\server\\io.js":{"path":"D:\\projects\\2dv610\\multiyoutube\\src\\server\\io.js","s":{"1":1,"2":1,"3":1,"4":1,"5":1,"6":1},"b":{},"f":{},"fnMap":{},"statementMap":{"1":{"start":{"line":1,"column":0},"end":{"line":1,"column":30}},"2":{"start":{"line":2,"column":0},"end":{"line":2,"column":16}},"3":{"start":{"line":4,"column":0},"end":{"line":4,"column":21}},"4":{"start":{"line":5,"column":0},"end":{"line":7,"column":3}},"5":{"start":{"line":6,"column":4},"end":{"line":6,"column":50}},"6":{"start":{"line":9,"column":0},"end":{"line":9,"column":20}}},"branchMap":{}}}