TN:
SF:C:\Users\Daniel\projects\2dv610\multiyoutube\src\server\app.js
FNF:0
FNH:0
DA:1,1
DA:2,1
DA:3,1
DA:4,1
DA:6,1
DA:8,1
DA:10,1
LF:7
LH:7
BRF:0
BRH:0
end_of_record
TN:
SF:C:\Users\Daniel\projects\2dv610\multiyoutube\src\client\InputForm.js
FN:2,(anonymous_1)
FN:9,(anonymous_2)
FN:16,(anonymous_3)
FN:20,(anonymous_4)
FNF:4
FNH:4
FNDA:5,(anonymous_1)
FNDA:2,(anonymous_2)
FNDA:1,(anonymous_3)
FNDA:2,(anonymous_4)
DA:3,5
DA:4,5
DA:5,5
DA:6,5
DA:10,2
DA:11,2
DA:12,2
DA:13,2
DA:17,1
DA:21,2
DA:22,2
DA:24,2
DA:25,1
DA:29,1
LF:14
LH:14
BRDA:24,1,0,1
BRDA:24,1,1,1
BRF:2
BRH:2
end_of_record
TN:
SF:C:\Users\Daniel\projects\2dv610\multiyoutube\src\client\IoClient.js
FN:2,(anonymous_1)
FN:5,(anonymous_2)
FNF:2
FNH:2
FNDA:1,(anonymous_1)
FNDA:1,(anonymous_2)
DA:3,1
DA:6,1
DA:10,1
LF:3
LH:3
BRF:0
BRH:0
end_of_record
TN:
SF:C:\Users\Daniel\projects\2dv610\multiyoutube\src\client\YoutubePlayer.js
FN:2,(anonymous_1)
FN:7,(anonymous_2)
FN:20,(anonymous_3)
FN:25,(anonymous_4)
FNF:4
FNH:4
FNDA:8,(anonymous_1)
FNDA:2,(anonymous_2)
FNDA:2,(anonymous_3)
FNDA:4,(anonymous_4)
DA:3,8
DA:4,8
DA:8,2
DA:9,1
DA:21,2
DA:22,1
DA:26,4
DA:27,4
DA:31,1
LF:9
LH:9
BRDA:8,1,0,1
BRDA:8,1,1,1
BRDA:21,2,0,1
BRDA:21,2,1,1
BRF:4
BRH:4
end_of_record
TN:
SF:C:\Users\Daniel\projects\2dv610\multiyoutube\src\server\io.js
FN:3,start
FNF:1
FNH:1
FNDA:1,start
DA:1,1
DA:3,1
DA:4,1
DA:6,1
DA:7,1
DA:8,1
DA:11,1
DA:14,1
LF:8
LH:8
BRF:0
BRH:0
end_of_record
